client/samples
client/admin/admintpl
conf
driver
site_scons
java/jdk_linux64
misc
thirdparty/parser/sm/js/jsd
thirdparty/parser/sm/js/src
thirdparty/parser/sm/js/lib/linux64/debug
thirdparty/parser/sm/js/lib/linux64/release
thirdparty/parser/sm/js/lib/linux64/include
thirdparty/fuse/include
thirdparty/fuse/lib
thirdparty/boost
thirdparty/crypto
thirdparty/lz4
thirdparty/snappy
thirdparty/zlib
thirdparty/php/linux/php-5.4.6
thirdparty/php/linux/retriConfig.sh
thirdparty/php/linux/forlinux
thirdparty/README
thirdparty/SConscript
SequoiaDB
SConstruct
README.md
NOTICE
LICENSE
build.py
script/cppkgfiles.sh
script/package.py
script/pkgrpm.sh
script/sequoiadb
script/sdbwsart
script/sdbwstop
tools/sdbsupport/readme.txt
tools/sdbsupport/sdbsupportfunc1.sh
tools/sdbsupport/sdbsupportfunc2.sh
tools/sdbsupport/sdbsupport.sh
tools/server/php_linux
package/conf/rpm/sequoiadb.spec
thirdparty/mdocml
